

*******************************************************************************
Sat Dec 26 12:26:18 2020


FIT:    data read from "insercion_vector.dat"
        format = z
        #datapoints = 300
        residuals are weighted equally (unit weight)

function used for fitting: f(x)
	f(x) = a*x + b
fitted parameters initialized with current variable values

iter      chisq       delta/lim  lambda   a             b            
   0 9.0459530300e+10   0.00e+00  1.23e+04    1.000000e+00   1.000000e+00
   8 1.2299550111e-15  -1.75e-01  1.23e-04   -9.741210e-15   1.711031e-08

After 8 iterations the fit converged.
final sum of squares of residuals : 1.22996e-15
rel. change during last iteration : -1.75391e-06

degrees of freedom    (FIT_NDF)                        : 298
rms of residuals      (FIT_STDFIT) = sqrt(WSSR/ndf)    : 2.03159e-09
variance of residuals (reduced chisquare) = WSSR/ndf   : 4.12737e-18

Final set of parameters            Asymptotic Standard Error
=======================            ==========================
a               = -9.74121e-15     +/- 1.354e-14    (139%)
b               = 1.71103e-08      +/- 2.352e-10    (1.374%)

correlation matrix of the fit parameters:
                a      b      
a               1.000 
b              -0.867  1.000 


*******************************************************************************
Sat Dec 26 12:27:08 2020


FIT:    data read from "insercion_vector.dat"
        format = z
        x range restricted to [-4.75417 : 8.04583]
BREAK: No data to fit

*******************************************************************************
Sat Dec 26 12:27:20 2020


FIT:    data read from "insercion_vector.dat"
        format = z
        #datapoints = 300
        residuals are weighted equally (unit weight)

function used for fitting: f(x)
fitted parameters initialized with current variable values



*******************************************************************************
Sat Dec 26 12:27:26 2020


FIT:    data read from "insercion_vector.dat"
        format = z
        #datapoints = 300
        residuals are weighted equally (unit weight)

function used for fitting: f(x)
	f(x) = a*x + b
fitted parameters initialized with current variable values

iter      chisq       delta/lim  lambda   a             b            
   0 9.0459530300e+10   0.00e+00  1.23e+04    1.000000e+00   1.000000e+00
   8 1.2299550111e-15  -1.75e-01  1.23e-04   -9.741210e-15   1.711031e-08

After 8 iterations the fit converged.
final sum of squares of residuals : 1.22996e-15
rel. change during last iteration : -1.75391e-06

degrees of freedom    (FIT_NDF)                        : 298
rms of residuals      (FIT_STDFIT) = sqrt(WSSR/ndf)    : 2.03159e-09
variance of residuals (reduced chisquare) = WSSR/ndf   : 4.12737e-18

Final set of parameters            Asymptotic Standard Error
=======================            ==========================
a               = -9.74121e-15     +/- 1.354e-14    (139%)
b               = 1.71103e-08      +/- 2.352e-10    (1.374%)

correlation matrix of the fit parameters:
                a      b      
a               1.000 
b              -0.867  1.000 


*******************************************************************************
Sat Dec 26 12:30:27 2020


FIT:    data read from "insercion_vector.dat"
        format = z
        #datapoints = 300
        residuals are weighted equally (unit weight)

function used for fitting: f(x)
	f(x) = a*x+b
fitted parameters initialized with current variable values

iter      chisq       delta/lim  lambda   a             b            
   0 9.0459530293e+10   0.00e+00  1.23e+04    1.000000e+00   1.000000e+00
   8 1.9880131394e-10  -1.09e-06  1.23e-04   -5.755620e-12   9.399554e-07

After 8 iterations the fit converged.
final sum of squares of residuals : 1.98801e-10
rel. change during last iteration : -1.08512e-11

degrees of freedom    (FIT_NDF)                        : 298
rms of residuals      (FIT_STDFIT) = sqrt(WSSR/ndf)    : 8.16773e-07
variance of residuals (reduced chisquare) = WSSR/ndf   : 6.67119e-13

Final set of parameters            Asymptotic Standard Error
=======================            ==========================
a               = -5.75562e-12     +/- 5.445e-12    (94.61%)
b               = 9.39955e-07      +/- 9.455e-08    (10.06%)

correlation matrix of the fit parameters:
                a      b      
a               1.000 
b              -0.867  1.000 


*******************************************************************************
Sat Dec 26 12:34:00 2020


FIT:    data read from "insercion_vector.dat"
        format = z
        #datapoints = 300
        residuals are weighted equally (unit weight)

function used for fitting: f(x)
	f(x) = a*x+b
fitted parameters initialized with current variable values

iter      chisq       delta/lim  lambda   a             b            
   0 9.0459530039e+10   0.00e+00  1.23e+04    1.000000e+00   1.000000e+00
   8 1.2732057936e-08  -1.69e-08  1.23e-04    1.275463e-09   3.330948e-06

After 8 iterations the fit converged.
final sum of squares of residuals : 1.27321e-08
rel. change during last iteration : -1.69437e-13

degrees of freedom    (FIT_NDF)                        : 298
rms of residuals      (FIT_STDFIT) = sqrt(WSSR/ndf)    : 6.53644e-06
variance of residuals (reduced chisquare) = WSSR/ndf   : 4.2725e-11

Final set of parameters            Asymptotic Standard Error
=======================            ==========================
a               = 1.27546e-09      +/- 4.358e-11    (3.417%)
b               = 3.33095e-06      +/- 7.567e-07    (22.72%)

correlation matrix of the fit parameters:
                a      b      
a               1.000 
b              -0.867  1.000 


*******************************************************************************
Sat Dec 26 12:56:19 2020


FIT:    data read from "data/insercion_lista.dat"
        format = z
        #datapoints = 300
        residuals are weighted equally (unit weight)

function used for fitting: f(x)
	f(x) = a
fitted parameters initialized with current variable values

iter      chisq       delta/lim  lambda   a            
   0 2.9999938600e+02   0.00e+00  1.00e+00    1.000000e+00
   4 1.0083666667e-10  -4.10e-10  1.00e-04    1.023333e-06

After 4 iterations the fit converged.
final sum of squares of residuals : 1.00837e-10
rel. change during last iteration : -4.10159e-15

degrees of freedom    (FIT_NDF)                        : 299
rms of residuals      (FIT_STDFIT) = sqrt(WSSR/ndf)    : 5.80729e-07
variance of residuals (reduced chisquare) = WSSR/ndf   : 3.37246e-13

Final set of parameters            Asymptotic Standard Error
=======================            ==========================
a               = 1.02333e-06      +/- 3.353e-08    (3.276%)


*******************************************************************************
Sat Dec 26 14:53:47 2020


FIT:    data read from "data/borrado.dat"
        format = z
        #datapoints = 300
        residuals are weighted equally (unit weight)

function used for fitting: f(x)
	f(x) = a*x+b
fitted parameters initialized with current variable values

iter      chisq       delta/lim  lambda   a             b            
   0 9.0459529869e+10   0.00e+00  1.23e+04    1.000000e+00   1.000000e+00
   8 5.4596254266e-08  -3.95e-09  1.23e-04    2.400998e-09  -3.383501e-07

After 8 iterations the fit converged.
final sum of squares of residuals : 5.45963e-08
rel. change during last iteration : -3.95135e-14

degrees of freedom    (FIT_NDF)                        : 298
rms of residuals      (FIT_STDFIT) = sqrt(WSSR/ndf)    : 1.35355e-05
variance of residuals (reduced chisquare) = WSSR/ndf   : 1.83209e-10

Final set of parameters            Asymptotic Standard Error
=======================            ==========================
a               = 2.401e-09        +/- 9.024e-11    (3.758%)
b               = -3.3835e-07      +/- 1.567e-06    (463.1%)

correlation matrix of the fit parameters:
                a      b      
a               1.000 
b              -0.867  1.000 


*******************************************************************************
Sat Dec 26 19:02:19 2020


FIT:    data read from "data/acceso_lista.dat"
        format = z
        #datapoints = 300
        residuals are weighted equally (unit weight)

function used for fitting: f(x)
	f(x) = a*x+b
fitted parameters initialized with current variable values

iter      chisq       delta/lim  lambda   a             b            
   0 9.0459529890e+10   0.00e+00  1.23e+04    1.000000e+00   1.000000e+00
   8 3.1354147880e-08  -6.88e-09  1.23e-04    2.201131e-09   1.359643e-06

After 8 iterations the fit converged.
final sum of squares of residuals : 3.13541e-08
rel. change during last iteration : -6.88039e-14

degrees of freedom    (FIT_NDF)                        : 298
rms of residuals      (FIT_STDFIT) = sqrt(WSSR/ndf)    : 1.02574e-05
variance of residuals (reduced chisquare) = WSSR/ndf   : 1.05215e-10

Final set of parameters            Asymptotic Standard Error
=======================            ==========================
a               = 2.20113e-09      +/- 6.838e-11    (3.107%)
b               = 1.35964e-06      +/- 1.187e-06    (87.33%)

correlation matrix of the fit parameters:
                a      b      
a               1.000 
b              -0.867  1.000 
