

*******************************************************************************
Sat Dec 26 12:26:18 2020


FIT:    data read from "insercion_vector.dat"
        format = z
        #datapoints = 300
        residuals are weighted equally (unit weight)

function used for fitting: f(x)
	f(x) = a*x + b
fitted parameters initialized with current variable values

iter      chisq       delta/lim  lambda   a             b            
   0 9.0459530300e+10   0.00e+00  1.23e+04    1.000000e+00   1.000000e+00
   8 1.2299550111e-15  -1.75e-01  1.23e-04   -9.741210e-15   1.711031e-08

After 8 iterations the fit converged.
final sum of squares of residuals : 1.22996e-15
rel. change during last iteration : -1.75391e-06

degrees of freedom    (FIT_NDF)                        : 298
rms of residuals      (FIT_STDFIT) = sqrt(WSSR/ndf)    : 2.03159e-09
variance of residuals (reduced chisquare) = WSSR/ndf   : 4.12737e-18

Final set of parameters            Asymptotic Standard Error
=======================            ==========================
a               = -9.74121e-15     +/- 1.354e-14    (139%)
b               = 1.71103e-08      +/- 2.352e-10    (1.374%)

correlation matrix of the fit parameters:
                a      b      
a               1.000 
b              -0.867  1.000 


*******************************************************************************
Sat Dec 26 12:27:08 2020


FIT:    data read from "insercion_vector.dat"
        format = z
        x range restricted to [-4.75417 : 8.04583]
BREAK: No data to fit

*******************************************************************************
Sat Dec 26 12:27:20 2020


FIT:    data read from "insercion_vector.dat"
        format = z
        #datapoints = 300
        residuals are weighted equally (unit weight)

function used for fitting: f(x)
fitted parameters initialized with current variable values



*******************************************************************************
Sat Dec 26 12:27:26 2020


FIT:    data read from "insercion_vector.dat"
        format = z
        #datapoints = 300
        residuals are weighted equally (unit weight)

function used for fitting: f(x)
	f(x) = a*x + b
fitted parameters initialized with current variable values

iter      chisq       delta/lim  lambda   a             b            
   0 9.0459530300e+10   0.00e+00  1.23e+04    1.000000e+00   1.000000e+00
   8 1.2299550111e-15  -1.75e-01  1.23e-04   -9.741210e-15   1.711031e-08

After 8 iterations the fit converged.
final sum of squares of residuals : 1.22996e-15
rel. change during last iteration : -1.75391e-06

degrees of freedom    (FIT_NDF)                        : 298
rms of residuals      (FIT_STDFIT) = sqrt(WSSR/ndf)    : 2.03159e-09
variance of residuals (reduced chisquare) = WSSR/ndf   : 4.12737e-18

Final set of parameters            Asymptotic Standard Error
=======================            ==========================
a               = -9.74121e-15     +/- 1.354e-14    (139%)
b               = 1.71103e-08      +/- 2.352e-10    (1.374%)

correlation matrix of the fit parameters:
                a      b      
a               1.000 
b              -0.867  1.000 


*******************************************************************************
Sat Dec 26 12:30:27 2020


FIT:    data read from "insercion_vector.dat"
        format = z
        #datapoints = 300
        residuals are weighted equally (unit weight)

function used for fitting: f(x)
	f(x) = a*x+b
fitted parameters initialized with current variable values

iter      chisq       delta/lim  lambda   a             b            
   0 9.0459530293e+10   0.00e+00  1.23e+04    1.000000e+00   1.000000e+00
   8 1.9880131394e-10  -1.09e-06  1.23e-04   -5.755620e-12   9.399554e-07

After 8 iterations the fit converged.
final sum of squares of residuals : 1.98801e-10
rel. change during last iteration : -1.08512e-11

degrees of freedom    (FIT_NDF)                        : 298
rms of residuals      (FIT_STDFIT) = sqrt(WSSR/ndf)    : 8.16773e-07
variance of residuals (reduced chisquare) = WSSR/ndf   : 6.67119e-13

Final set of parameters            Asymptotic Standard Error
=======================            ==========================
a               = -5.75562e-12     +/- 5.445e-12    (94.61%)
b               = 9.39955e-07      +/- 9.455e-08    (10.06%)

correlation matrix of the fit parameters:
                a      b      
a               1.000 
b              -0.867  1.000 


*******************************************************************************
Sat Dec 26 12:34:00 2020


FIT:    data read from "insercion_vector.dat"
        format = z
        #datapoints = 300
        residuals are weighted equally (unit weight)

function used for fitting: f(x)
	f(x) = a*x+b
fitted parameters initialized with current variable values

iter      chisq       delta/lim  lambda   a             b            
   0 9.0459530039e+10   0.00e+00  1.23e+04    1.000000e+00   1.000000e+00
   8 1.2732057936e-08  -1.69e-08  1.23e-04    1.275463e-09   3.330948e-06

After 8 iterations the fit converged.
final sum of squares of residuals : 1.27321e-08
rel. change during last iteration : -1.69437e-13

degrees of freedom    (FIT_NDF)                        : 298
rms of residuals      (FIT_STDFIT) = sqrt(WSSR/ndf)    : 6.53644e-06
variance of residuals (reduced chisquare) = WSSR/ndf   : 4.2725e-11

Final set of parameters            Asymptotic Standard Error
=======================            ==========================
a               = 1.27546e-09      +/- 4.358e-11    (3.417%)
b               = 3.33095e-06      +/- 7.567e-07    (22.72%)

correlation matrix of the fit parameters:
                a      b      
a               1.000 
b              -0.867  1.000 


*******************************************************************************
Sat Dec 26 13:58:35 2020


FIT:    data read from "data/insercion.dat"
        format = z
        #datapoints = 300
        residuals are weighted equally (unit weight)

function used for fitting: f(x)
	f(x) = a*x + b
fitted parameters initialized with current variable values

iter      chisq       delta/lim  lambda   a             b            
   0 9.0459530289e+10   0.00e+00  1.23e+04    1.000000e+00   1.000000e+00
   8 9.8249470994e-11  -2.20e-06  1.23e-04    1.533350e-13   1.247692e-06

After 8 iterations the fit converged.
final sum of squares of residuals : 9.82495e-11
rel. change during last iteration : -2.19566e-11

degrees of freedom    (FIT_NDF)                        : 298
rms of residuals      (FIT_STDFIT) = sqrt(WSSR/ndf)    : 5.74192e-07
variance of residuals (reduced chisquare) = WSSR/ndf   : 3.29696e-13

Final set of parameters            Asymptotic Standard Error
=======================            ==========================
a               = 1.53335e-13      +/- 3.828e-12    (2496%)
b               = 1.24769e-06      +/- 6.647e-08    (5.327%)

correlation matrix of the fit parameters:
                a      b      
a               1.000 
b              -0.867  1.000 
