

*******************************************************************************
Sat Dec 26 12:26:18 2020


FIT:    data read from "insercion_vector.dat"
        format = z
        #datapoints = 300
        residuals are weighted equally (unit weight)

function used for fitting: f(x)
	f(x) = a*x + b
fitted parameters initialized with current variable values

iter      chisq       delta/lim  lambda   a             b            
   0 9.0459530300e+10   0.00e+00  1.23e+04    1.000000e+00   1.000000e+00
   8 1.2299550111e-15  -1.75e-01  1.23e-04   -9.741210e-15   1.711031e-08

After 8 iterations the fit converged.
final sum of squares of residuals : 1.22996e-15
rel. change during last iteration : -1.75391e-06

degrees of freedom    (FIT_NDF)                        : 298
rms of residuals      (FIT_STDFIT) = sqrt(WSSR/ndf)    : 2.03159e-09
variance of residuals (reduced chisquare) = WSSR/ndf   : 4.12737e-18

Final set of parameters            Asymptotic Standard Error
=======================            ==========================
a               = -9.74121e-15     +/- 1.354e-14    (139%)
b               = 1.71103e-08      +/- 2.352e-10    (1.374%)

correlation matrix of the fit parameters:
                a      b      
a               1.000 
b              -0.867  1.000 


*******************************************************************************
Sat Dec 26 12:27:08 2020


FIT:    data read from "insercion_vector.dat"
        format = z
        x range restricted to [-4.75417 : 8.04583]
BREAK: No data to fit

*******************************************************************************
Sat Dec 26 12:27:20 2020


FIT:    data read from "insercion_vector.dat"
        format = z
        #datapoints = 300
        residuals are weighted equally (unit weight)

function used for fitting: f(x)
fitted parameters initialized with current variable values



*******************************************************************************
Sat Dec 26 12:27:26 2020


FIT:    data read from "insercion_vector.dat"
        format = z
        #datapoints = 300
        residuals are weighted equally (unit weight)

function used for fitting: f(x)
	f(x) = a*x + b
fitted parameters initialized with current variable values

iter      chisq       delta/lim  lambda   a             b            
   0 9.0459530300e+10   0.00e+00  1.23e+04    1.000000e+00   1.000000e+00
   8 1.2299550111e-15  -1.75e-01  1.23e-04   -9.741210e-15   1.711031e-08

After 8 iterations the fit converged.
final sum of squares of residuals : 1.22996e-15
rel. change during last iteration : -1.75391e-06

degrees of freedom    (FIT_NDF)                        : 298
rms of residuals      (FIT_STDFIT) = sqrt(WSSR/ndf)    : 2.03159e-09
variance of residuals (reduced chisquare) = WSSR/ndf   : 4.12737e-18

Final set of parameters            Asymptotic Standard Error
=======================            ==========================
a               = -9.74121e-15     +/- 1.354e-14    (139%)
b               = 1.71103e-08      +/- 2.352e-10    (1.374%)

correlation matrix of the fit parameters:
                a      b      
a               1.000 
b              -0.867  1.000 


*******************************************************************************
Sat Dec 26 12:30:27 2020


FIT:    data read from "insercion_vector.dat"
        format = z
        #datapoints = 300
        residuals are weighted equally (unit weight)

function used for fitting: f(x)
	f(x) = a*x+b
fitted parameters initialized with current variable values

iter      chisq       delta/lim  lambda   a             b            
   0 9.0459530293e+10   0.00e+00  1.23e+04    1.000000e+00   1.000000e+00
   8 1.9880131394e-10  -1.09e-06  1.23e-04   -5.755620e-12   9.399554e-07

After 8 iterations the fit converged.
final sum of squares of residuals : 1.98801e-10
rel. change during last iteration : -1.08512e-11

degrees of freedom    (FIT_NDF)                        : 298
rms of residuals      (FIT_STDFIT) = sqrt(WSSR/ndf)    : 8.16773e-07
variance of residuals (reduced chisquare) = WSSR/ndf   : 6.67119e-13

Final set of parameters            Asymptotic Standard Error
=======================            ==========================
a               = -5.75562e-12     +/- 5.445e-12    (94.61%)
b               = 9.39955e-07      +/- 9.455e-08    (10.06%)

correlation matrix of the fit parameters:
                a      b      
a               1.000 
b              -0.867  1.000 


*******************************************************************************
Sat Dec 26 12:34:00 2020


FIT:    data read from "insercion_vector.dat"
        format = z
        #datapoints = 300
        residuals are weighted equally (unit weight)

function used for fitting: f(x)
	f(x) = a*x+b
fitted parameters initialized with current variable values

iter      chisq       delta/lim  lambda   a             b            
   0 9.0459530039e+10   0.00e+00  1.23e+04    1.000000e+00   1.000000e+00
   8 1.2732057936e-08  -1.69e-08  1.23e-04    1.275463e-09   3.330948e-06

After 8 iterations the fit converged.
final sum of squares of residuals : 1.27321e-08
rel. change during last iteration : -1.69437e-13

degrees of freedom    (FIT_NDF)                        : 298
rms of residuals      (FIT_STDFIT) = sqrt(WSSR/ndf)    : 6.53644e-06
variance of residuals (reduced chisquare) = WSSR/ndf   : 4.2725e-11

Final set of parameters            Asymptotic Standard Error
=======================            ==========================
a               = 1.27546e-09      +/- 4.358e-11    (3.417%)
b               = 3.33095e-06      +/- 7.567e-07    (22.72%)

correlation matrix of the fit parameters:
                a      b      
a               1.000 
b              -0.867  1.000 


*******************************************************************************
Sat Dec 26 13:32:55 2020


FIT:    data read from "data/insercion.dat"
        format = z
        #datapoints = 300
        residuals are weighted equally (unit weight)

function used for fitting: f(x)
	f(x) = a*(log(x)/log(2)) + b
BREAK: Need via and either parameter list or file

*******************************************************************************
Sat Dec 26 13:33:04 2020


FIT:    data read from "data/insercion.dat"
        format = z
        #datapoints = 300
        residuals are weighted equally (unit weight)

function used for fitting: f(x)
	f(x) = a*(log(x)/log(2)) + b
fitted parameters initialized with current variable values

iter      chisq       delta/lim  lambda   a             b            
   0 6.3204551481e+04   0.00e+00  9.59e+00    1.000000e+00   1.000000e+00
   5 1.2006096413e-10  -7.61e-01  9.59e-05    1.370917e-08   1.625637e-06

After 5 iterations the fit converged.
final sum of squares of residuals : 1.20061e-10
rel. change during last iteration : -7.61133e-06

degrees of freedom    (FIT_NDF)                        : 298
rms of residuals      (FIT_STDFIT) = sqrt(WSSR/ndf)    : 6.34735e-07
variance of residuals (reduced chisquare) = WSSR/ndf   : 4.02889e-13

Final set of parameters            Asymptotic Standard Error
=======================            ==========================
a               = 1.37092e-08      +/- 2.635e-08    (192.2%)
b               = 1.62564e-06      +/- 3.563e-07    (21.92%)

correlation matrix of the fit parameters:
                a      b      
a               1.000 
b              -0.995  1.000 


*******************************************************************************
Sat Dec 26 13:38:17 2020


FIT:    data read from "data/insercion.dat"
        format = z
        #datapoints = 300
        residuals are weighted equally (unit weight)

function used for fitting: f(x)
	f(x) = a*(log(x)/log(2)) + b
fitted parameters initialized with current variable values

iter      chisq       delta/lim  lambda   a             b            
   0 7.0579275805e-10   0.00e+00  1.16e-06    1.370917e-08   1.625637e-06
   4 4.5324129867e-14  -9.13e-04  1.16e-10    1.890355e-08   2.201645e-08

After 4 iterations the fit converged.
final sum of squares of residuals : 4.53241e-14
rel. change during last iteration : -9.12624e-09

degrees of freedom    (FIT_NDF)                        : 298
rms of residuals      (FIT_STDFIT) = sqrt(WSSR/ndf)    : 1.23327e-08
variance of residuals (reduced chisquare) = WSSR/ndf   : 1.52094e-16

Final set of parameters            Asymptotic Standard Error
=======================            ==========================
a               = 1.89036e-08      +/- 5.12e-10     (2.709%)
b               = 2.20165e-08      +/- 6.922e-09    (31.44%)

correlation matrix of the fit parameters:
                a      b      
a               1.000 
b              -0.995  1.000 


*******************************************************************************
Sat Dec 26 18:14:25 2020


FIT:    data read from "data/borrado.dat"
        format = z
        #datapoints = 300
        residuals are weighted equally (unit weight)

function used for fitting: f(x)
	f(x) = a
fitted parameters initialized with current variable values

iter      chisq       delta/lim  lambda   a            
   0 2.9994497032e+02   0.00e+00  1.00e+00    1.000000e+00
   3 1.7946140367e-06  -2.05e-01  1.00e-03    9.172333e-05

After 3 iterations the fit converged.
final sum of squares of residuals : 1.79461e-06
rel. change during last iteration : -2.04959e-06

degrees of freedom    (FIT_NDF)                        : 299
rms of residuals      (FIT_STDFIT) = sqrt(WSSR/ndf)    : 7.74729e-05
variance of residuals (reduced chisquare) = WSSR/ndf   : 6.00205e-09

Final set of parameters            Asymptotic Standard Error
=======================            ==========================
a               = 9.17233e-05      +/- 4.473e-06    (4.877%)


*******************************************************************************
Sat Dec 26 18:15:55 2020


FIT:    data read from "data/borrado.dat"
        format = z
        #datapoints = 300
        residuals are weighted equally (unit weight)

function used for fitting: f(x)
	f(x) = a*(log(x)/log(2)) + b
fitted parameters initialized with current variable values



*******************************************************************************
Sat Dec 26 18:15:58 2020


FIT:    data read from "data/borrado.dat"
        format = z
        #datapoints = 300
        residuals are weighted equally (unit weight)

function used for fitting: f(x)
	f(x) = a*(log(x)/log(2)) + b
fitted parameters initialized with current variable values

iter      chisq       delta/lim  lambda   a             b            
   0 3.0068546351e+02   0.00e+00  7.07e-01    9.172333e-05   1.000000e+00
   6 1.0455654667e-06  -1.29e-03  7.07e-07    3.593201e-05  -3.914945e-04

After 6 iterations the fit converged.
final sum of squares of residuals : 1.04557e-06
rel. change during last iteration : -1.28844e-08

degrees of freedom    (FIT_NDF)                        : 298
rms of residuals      (FIT_STDFIT) = sqrt(WSSR/ndf)    : 5.92335e-05
variance of residuals (reduced chisquare) = WSSR/ndf   : 3.50861e-09

Final set of parameters            Asymptotic Standard Error
=======================            ==========================
a               = 3.5932e-05       +/- 2.459e-06    (6.844%)
b               = -0.000391495     +/- 3.325e-05    (8.493%)

correlation matrix of the fit parameters:
                a      b      
a               1.000 
b              -0.995  1.000 


*******************************************************************************
Sat Dec 26 18:17:36 2020


FIT:    data read from "data/borrado.dat"
        format = z
        #datapoints = 300
        residuals are weighted equally (unit weight)

function used for fitting: f(x)
	f(x) = a*(log(x)/log(2)) + b
fitted parameters initialized with current variable values

iter      chisq       delta/lim  lambda   a             b            
   0 2.9022107175e-06   0.00e+00  4.41e-04    3.593201e-05  -3.914945e-04
   4 4.2853609237e-09  -3.72e-07  4.41e-08    1.318326e-06  -1.169566e-05

After 4 iterations the fit converged.
final sum of squares of residuals : 4.28536e-09
rel. change during last iteration : -3.72461e-12

degrees of freedom    (FIT_NDF)                        : 298
rms of residuals      (FIT_STDFIT) = sqrt(WSSR/ndf)    : 3.79215e-06
variance of residuals (reduced chisquare) = WSSR/ndf   : 1.43804e-11

Final set of parameters            Asymptotic Standard Error
=======================            ==========================
a               = 1.31833e-06      +/- 1.574e-07    (11.94%)
b               = -1.16957e-05     +/- 2.129e-06    (18.2%)

correlation matrix of the fit parameters:
                a      b      
a               1.000 
b              -0.995  1.000 


*******************************************************************************
Sat Dec 26 18:19:16 2020


FIT:    data read from "data/borrado.dat"
        format = z
        #datapoints = 1000
        residuals are weighted equally (unit weight)

function used for fitting: f(x)
	f(x) = a*(log(x)/log(2)) + b
fitted parameters initialized with current variable values

iter      chisq       delta/lim  lambda   a             b            
   0 2.6359318330e+05   0.00e+00  1.08e+01    1.000000e+00   1.000000e+00
   5 1.1296898639e-08  -2.67e-04  1.08e-04    1.051313e-06  -8.610839e-06

After 5 iterations the fit converged.
final sum of squares of residuals : 1.12969e-08
rel. change during last iteration : -2.67364e-09

degrees of freedom    (FIT_NDF)                        : 998
rms of residuals      (FIT_STDFIT) = sqrt(WSSR/ndf)    : 3.36445e-06
variance of residuals (reduced chisquare) = WSSR/ndf   : 1.13195e-11

Final set of parameters            Asymptotic Standard Error
=======================            ==========================
a               = 1.05131e-06      +/- 7.487e-08    (7.122%)
b               = -8.61084e-06     +/- 1.141e-06    (13.25%)

correlation matrix of the fit parameters:
                a      b      
a               1.000 
b              -0.996  1.000 


*******************************************************************************
Sat Dec 26 18:19:51 2020


FIT:    data read from "data/borrado.dat"
        format = z
        #datapoints = 1000
        residuals are weighted equally (unit weight)

function used for fitting: f(x)
	f(x) = a*log(x) + b
fitted parameters initialized with current variable values

iter      chisq       delta/lim  lambda   a             b            
   0 3.5466763499e-08   0.00e+00  9.94e-06    1.051313e-06  -8.610839e-06
   3 1.1296898639e-08  -6.05e-05  9.94e-09    1.516724e-06  -8.610839e-06

After 3 iterations the fit converged.
final sum of squares of residuals : 1.12969e-08
rel. change during last iteration : -6.04727e-10

degrees of freedom    (FIT_NDF)                        : 998
rms of residuals      (FIT_STDFIT) = sqrt(WSSR/ndf)    : 3.36445e-06
variance of residuals (reduced chisquare) = WSSR/ndf   : 1.13195e-11

Final set of parameters            Asymptotic Standard Error
=======================            ==========================
a               = 1.51672e-06      +/- 1.08e-07     (7.122%)
b               = -8.61084e-06     +/- 1.141e-06    (13.25%)

correlation matrix of the fit parameters:
                a      b      
a               1.000 
b              -0.996  1.000 


*******************************************************************************
Sat Dec 26 18:31:10 2020


FIT:    data read from "data/borrado.dat"
        format = z
        #datapoints = 1000
        residuals are weighted equally (unit weight)

function used for fitting: f(x)
	f(x) = a*(log(x)/log(2))+b
fitted parameters initialized with current variable values

iter      chisq       delta/lim  lambda   a             b            
   0 2.6359318330e+05   0.00e+00  1.08e+01    1.000000e+00   1.000000e+00
   5 1.1296898639e-08  -2.67e-04  1.08e-04    1.051313e-06  -8.610839e-06

After 5 iterations the fit converged.
final sum of squares of residuals : 1.12969e-08
rel. change during last iteration : -2.67364e-09

degrees of freedom    (FIT_NDF)                        : 998
rms of residuals      (FIT_STDFIT) = sqrt(WSSR/ndf)    : 3.36445e-06
variance of residuals (reduced chisquare) = WSSR/ndf   : 1.13195e-11

Final set of parameters            Asymptotic Standard Error
=======================            ==========================
a               = 1.05131e-06      +/- 7.487e-08    (7.122%)
b               = -8.61084e-06     +/- 1.141e-06    (13.25%)

correlation matrix of the fit parameters:
                a      b      
a               1.000 
b              -0.996  1.000 
