

*******************************************************************************
Sat Dec 26 12:26:18 2020


FIT:    data read from "insercion_vector.dat"
        format = z
        #datapoints = 300
        residuals are weighted equally (unit weight)

function used for fitting: f(x)
	f(x) = a*x + b
fitted parameters initialized with current variable values

iter      chisq       delta/lim  lambda   a             b            
   0 9.0459530300e+10   0.00e+00  1.23e+04    1.000000e+00   1.000000e+00
   8 1.2299550111e-15  -1.75e-01  1.23e-04   -9.741210e-15   1.711031e-08

After 8 iterations the fit converged.
final sum of squares of residuals : 1.22996e-15
rel. change during last iteration : -1.75391e-06

degrees of freedom    (FIT_NDF)                        : 298
rms of residuals      (FIT_STDFIT) = sqrt(WSSR/ndf)    : 2.03159e-09
variance of residuals (reduced chisquare) = WSSR/ndf   : 4.12737e-18

Final set of parameters            Asymptotic Standard Error
=======================            ==========================
a               = -9.74121e-15     +/- 1.354e-14    (139%)
b               = 1.71103e-08      +/- 2.352e-10    (1.374%)

correlation matrix of the fit parameters:
                a      b      
a               1.000 
b              -0.867  1.000 


*******************************************************************************
Sat Dec 26 12:27:08 2020


FIT:    data read from "insercion_vector.dat"
        format = z
        x range restricted to [-4.75417 : 8.04583]
BREAK: No data to fit

*******************************************************************************
Sat Dec 26 12:27:20 2020


FIT:    data read from "insercion_vector.dat"
        format = z
        #datapoints = 300
        residuals are weighted equally (unit weight)

function used for fitting: f(x)
fitted parameters initialized with current variable values



*******************************************************************************
Sat Dec 26 12:27:26 2020


FIT:    data read from "insercion_vector.dat"
        format = z
        #datapoints = 300
        residuals are weighted equally (unit weight)

function used for fitting: f(x)
	f(x) = a*x + b
fitted parameters initialized with current variable values

iter      chisq       delta/lim  lambda   a             b            
   0 9.0459530300e+10   0.00e+00  1.23e+04    1.000000e+00   1.000000e+00
   8 1.2299550111e-15  -1.75e-01  1.23e-04   -9.741210e-15   1.711031e-08

After 8 iterations the fit converged.
final sum of squares of residuals : 1.22996e-15
rel. change during last iteration : -1.75391e-06

degrees of freedom    (FIT_NDF)                        : 298
rms of residuals      (FIT_STDFIT) = sqrt(WSSR/ndf)    : 2.03159e-09
variance of residuals (reduced chisquare) = WSSR/ndf   : 4.12737e-18

Final set of parameters            Asymptotic Standard Error
=======================            ==========================
a               = -9.74121e-15     +/- 1.354e-14    (139%)
b               = 1.71103e-08      +/- 2.352e-10    (1.374%)

correlation matrix of the fit parameters:
                a      b      
a               1.000 
b              -0.867  1.000 


*******************************************************************************
Sat Dec 26 12:30:27 2020


FIT:    data read from "insercion_vector.dat"
        format = z
        #datapoints = 300
        residuals are weighted equally (unit weight)

function used for fitting: f(x)
	f(x) = a*x+b
fitted parameters initialized with current variable values

iter      chisq       delta/lim  lambda   a             b            
   0 9.0459530293e+10   0.00e+00  1.23e+04    1.000000e+00   1.000000e+00
   8 1.9880131394e-10  -1.09e-06  1.23e-04   -5.755620e-12   9.399554e-07

After 8 iterations the fit converged.
final sum of squares of residuals : 1.98801e-10
rel. change during last iteration : -1.08512e-11

degrees of freedom    (FIT_NDF)                        : 298
rms of residuals      (FIT_STDFIT) = sqrt(WSSR/ndf)    : 8.16773e-07
variance of residuals (reduced chisquare) = WSSR/ndf   : 6.67119e-13

Final set of parameters            Asymptotic Standard Error
=======================            ==========================
a               = -5.75562e-12     +/- 5.445e-12    (94.61%)
b               = 9.39955e-07      +/- 9.455e-08    (10.06%)

correlation matrix of the fit parameters:
                a      b      
a               1.000 
b              -0.867  1.000 


*******************************************************************************
Sat Dec 26 12:34:00 2020


FIT:    data read from "insercion_vector.dat"
        format = z
        #datapoints = 300
        residuals are weighted equally (unit weight)

function used for fitting: f(x)
	f(x) = a*x+b
fitted parameters initialized with current variable values

iter      chisq       delta/lim  lambda   a             b            
   0 9.0459530039e+10   0.00e+00  1.23e+04    1.000000e+00   1.000000e+00
   8 1.2732057936e-08  -1.69e-08  1.23e-04    1.275463e-09   3.330948e-06

After 8 iterations the fit converged.
final sum of squares of residuals : 1.27321e-08
rel. change during last iteration : -1.69437e-13

degrees of freedom    (FIT_NDF)                        : 298
rms of residuals      (FIT_STDFIT) = sqrt(WSSR/ndf)    : 6.53644e-06
variance of residuals (reduced chisquare) = WSSR/ndf   : 4.2725e-11

Final set of parameters            Asymptotic Standard Error
=======================            ==========================
a               = 1.27546e-09      +/- 4.358e-11    (3.417%)
b               = 3.33095e-06      +/- 7.567e-07    (22.72%)

correlation matrix of the fit parameters:
                a      b      
a               1.000 
b              -0.867  1.000 


*******************************************************************************
Sat Dec 26 13:57:16 2020


FIT:    data read from "data/borrado.dat"
        format = z
        #datapoints = 300
        residuals are weighted equally (unit weight)

function used for fitting: f(x)
	f(x) = a*x+b
fitted parameters initialized with current variable values

iter      chisq       delta/lim  lambda   a             b            
   0 9.0459530278e+10   0.00e+00  1.23e+04    1.000000e+00   1.000000e+00
   8 2.6316588762e-10  -8.20e-07  1.23e-04    4.477828e-11   1.506087e-06

After 8 iterations the fit converged.
final sum of squares of residuals : 2.63166e-10
rel. change during last iteration : -8.19725e-12

degrees of freedom    (FIT_NDF)                        : 298
rms of residuals      (FIT_STDFIT) = sqrt(WSSR/ndf)    : 9.39738e-07
variance of residuals (reduced chisquare) = WSSR/ndf   : 8.83107e-13

Final set of parameters            Asymptotic Standard Error
=======================            ==========================
a               = 4.47783e-11      +/- 6.265e-12    (13.99%)
b               = 1.50609e-06      +/- 1.088e-07    (7.223%)

correlation matrix of the fit parameters:
                a      b      
a               1.000 
b              -0.867  1.000 


*******************************************************************************
Sat Dec 26 14:49:47 2020


FIT:    data read from "data/borrado.dat"
        format = z
        #datapoints = 5000
        residuals are weighted equally (unit weight)

function used for fitting: f(x)
	f(x) = a*x+b
fitted parameters initialized with current variable values

iter      chisq       delta/lim  lambda   a             b            
   0 4.1679417546e+14   0.00e+00  2.04e+05    1.000000e+00   1.000000e+00
   8 1.0546431763e-07  -8.58e-01  2.04e-03    5.349688e-11   1.000305e-06

After 8 iterations the fit converged.
final sum of squares of residuals : 1.05464e-07
rel. change during last iteration : -8.58332e-06

degrees of freedom    (FIT_NDF)                        : 4998
rms of residuals      (FIT_STDFIT) = sqrt(WSSR/ndf)    : 4.59362e-06
variance of residuals (reduced chisquare) = WSSR/ndf   : 2.11013e-11

Final set of parameters            Asymptotic Standard Error
=======================            ==========================
a               = 5.34969e-11      +/- 4.501e-13    (0.8413%)
b               = 1.0003e-06       +/- 1.299e-07    (12.99%)

correlation matrix of the fit parameters:
                a      b      
a               1.000 
b              -0.866  1.000 


*******************************************************************************
Sat Dec 26 18:05:46 2020


FIT:    data read from "data/acceso.dat"
        format = z
        x range restricted to [0.00000 : 30000.0]
        #datapoints = 300
        residuals are weighted equally (unit weight)

function used for fitting: f(x)
	f(x) = a
fitted parameters initialized with current variable values

iter      chisq       delta/lim  lambda   a            
   0 2.9999956800e+02   0.00e+00  1.00e+00    1.000000e+00
   4 7.0480000000e-11  -6.05e-10  1.00e-04    7.200000e-07

After 4 iterations the fit converged.
final sum of squares of residuals : 7.048e-11
rel. change during last iteration : -6.05157e-15

degrees of freedom    (FIT_NDF)                        : 299
rms of residuals      (FIT_STDFIT) = sqrt(WSSR/ndf)    : 4.85509e-07
variance of residuals (reduced chisquare) = WSSR/ndf   : 2.35719e-13

Final set of parameters            Asymptotic Standard Error
=======================            ==========================
a               = 7.2e-07          +/- 2.803e-08    (3.893%)


*******************************************************************************
Sun Dec 27 12:27:23 2020


FIT:    data read from "data/busqueda.dat"
        format = z
        #datapoints = 300
        residuals are weighted equally (unit weight)

function used for fitting: f(x)
	f(x) = a*(log(x)/log(2)) + b
fitted parameters initialized with current variable values

iter      chisq       delta/lim  lambda   a             b            
   0 6.3204559720e+04   0.00e+00  9.59e+00    1.000000e+00   1.000000e+00
   6 7.0050625906e-11   0.00e+00  9.59e-06    1.093516e-08   7.129427e-07

After 6 iterations the fit converged.
final sum of squares of residuals : 7.00506e-11
rel. change during last iteration : 0

degrees of freedom    (FIT_NDF)                        : 298
rms of residuals      (FIT_STDFIT) = sqrt(WSSR/ndf)    : 4.84839e-07
variance of residuals (reduced chisquare) = WSSR/ndf   : 2.35069e-13

Final set of parameters            Asymptotic Standard Error
=======================            ==========================
a               = 1.09352e-08      +/- 2.013e-08    (184.1%)
b               = 7.12943e-07      +/- 2.721e-07    (38.17%)

correlation matrix of the fit parameters:
                a      b      
a               1.000 
b              -0.995  1.000 


*******************************************************************************
Sun Dec 27 12:29:17 2020


FIT:    data read from "data/busqueda.dat"
        format = z
        #datapoints = 300
        residuals are weighted equally (unit weight)

function used for fitting: f(x)
	f(x) = a*(log(x)/log(2)) + b
fitted parameters initialized with current variable values

iter      chisq       delta/lim  lambda   a             b            
   0 5.3756741074e-11   0.00e+00  5.15e-07    1.093516e-08   7.129427e-07
   3 5.3361914739e-11  -2.22e-01  5.15e-10   -3.732954e-09   9.402012e-07

After 3 iterations the fit converged.
final sum of squares of residuals : 5.33619e-11
rel. change during last iteration : -2.22084e-06

degrees of freedom    (FIT_NDF)                        : 298
rms of residuals      (FIT_STDFIT) = sqrt(WSSR/ndf)    : 4.23163e-07
variance of residuals (reduced chisquare) = WSSR/ndf   : 1.79067e-13

Final set of parameters            Asymptotic Standard Error
=======================            ==========================
a               = -3.73295e-09     +/- 1.757e-08    (470.6%)
b               = 9.40201e-07      +/- 2.375e-07    (25.26%)

correlation matrix of the fit parameters:
                a      b      
a               1.000 
b              -0.995  1.000 


*******************************************************************************
Sun Dec 27 12:43:22 2020


FIT:    data read from "data/busqueda.dat"
        format = z
        #datapoints = 300
        residuals are weighted equally (unit weight)

function used for fitting: f(x)
	f(x) = a*(log(x)/log(2)) + b
fitted parameters initialized with current variable values

iter      chisq       delta/lim  lambda   a             b            
   0 1.1847123803e-10   0.00e+00  6.66e-07   -3.732954e-09   9.402012e-07
   5 2.2015627578e-11  -3.98e-09  6.66e-12    3.664411e-07  -3.800195e-06

After 5 iterations the fit converged.
final sum of squares of residuals : 2.20156e-11
rel. change during last iteration : -3.97739e-14

degrees of freedom    (FIT_NDF)                        : 298
rms of residuals      (FIT_STDFIT) = sqrt(WSSR/ndf)    : 2.71805e-07
variance of residuals (reduced chisquare) = WSSR/ndf   : 7.38779e-14

Final set of parameters            Asymptotic Standard Error
=======================            ==========================
a               = 3.66441e-07      +/- 1.128e-08    (3.079%)
b               = -3.80019e-06     +/- 1.526e-07    (4.015%)

correlation matrix of the fit parameters:
                a      b      
a               1.000 
b              -0.995  1.000 


*******************************************************************************
Sun Dec 27 12:43:56 2020


FIT:    data read from "data/busqueda.dat"
        format = z
        #datapoints = 300
        residuals are weighted equally (unit weight)

function used for fitting: a*x+b
fitted parameters initialized with current variable values

iter      chisq       delta/lim  lambda   a             b            
   0 1.2128221617e-02   0.00e+00  4.50e-03    3.664411e-07  -3.800195e-06
   6 1.6416688619e-12  -3.56e-04  4.50e-09    6.609026e-11   1.330889e-07

After 6 iterations the fit converged.
final sum of squares of residuals : 1.64167e-12
rel. change during last iteration : -3.55547e-09

degrees of freedom    (FIT_NDF)                        : 298
rms of residuals      (FIT_STDFIT) = sqrt(WSSR/ndf)    : 7.42223e-08
variance of residuals (reduced chisquare) = WSSR/ndf   : 5.50896e-15

Final set of parameters            Asymptotic Standard Error
=======================            ==========================
a               = 6.60903e-11      +/- 4.948e-13    (0.7487%)
b               = 1.33089e-07      +/- 8.592e-09    (6.456%)

correlation matrix of the fit parameters:
                a      b      
a               1.000 
b              -0.867  1.000 


*******************************************************************************
Sun Dec 27 20:53:50 2020


FIT:    data read from "data/busqueda.dat"
        format = z
        x range restricted to [0.00000 : 18000.0]
        #datapoints = 180
        residuals are weighted equally (unit weight)

function used for fitting: f(x)
	f(x) = a* ( log(x) / log(2) ) + b
fitted parameters initialized with current variable values

iter      chisq       delta/lim  lambda   a             b            
   0 3.4225843651e+04   0.00e+00  9.07e+00    1.000000e+00   1.000000e+00
   6 2.0261152422e-15  -2.82e-08  9.07e-06    4.296103e-09   3.923829e-09

After 6 iterations the fit converged.
final sum of squares of residuals : 2.02612e-15
rel. change during last iteration : -2.81887e-13

degrees of freedom    (FIT_NDF)                        : 178
rms of residuals      (FIT_STDFIT) = sqrt(WSSR/ndf)    : 3.37382e-09
variance of residuals (reduced chisquare) = WSSR/ndf   : 1.13827e-17

Final set of parameters            Asymptotic Standard Error
=======================            ==========================
a               = 4.2961e-09       +/- 1.838e-10    (4.278%)
b               = 3.92383e-09      +/- 2.351e-09    (59.92%)

correlation matrix of the fit parameters:
                a      b      
a               1.000 
b              -0.994  1.000 
